<?xml version="1.0" encoding="UTF-8"?>
<!-- Generated by org.testng.reporters.JUnitReportReporter -->
<testsuite hostname="DESKTOP-JJUFKF7" failures="0" tests="3" name="Day29.Annotations" time="0.031" errors="0" timestamp="2021-04-16T17:07:59 IST" skipped="0">
  <testcase classname="Day29.Annotations" name="search" time="0.011"/>
  <system-out/>
  <testcase classname="Day29.Annotations" name="advSearch" time="0.007"/>
  <system-out/>
  <testcase classname="Day29.Annotations" name="recharge" time="0.013"/>
  <system-out/>
</testsuite> <!-- Day29.Annotations -->
