<?xml version="1.0" encoding="UTF-8"?>
<!-- Generated by org.testng.reporters.JUnitReportReporter -->
<testsuite hostname="DESKTOP-JJUFKF7" failures="0" tests="2" name="Day32.ParamTest" time="0.368" errors="0" timestamp="2021-04-17T13:54:16 IST" skipped="0">
  <testcase classname="Day32.ParamTest" name="testLogo" time="0.354"/>
  <system-out/>
  <testcase classname="Day32.ParamTest" name="testTitle" time="0.014"/>
  <system-out/>
</testsuite> <!-- Day32.ParamTest -->
